<?xml version="1.0" encoding="UTF-8"?>
<!-- Generated by org.testng.reporters.JUnitReportReporter -->
<testsuite hostname="admin-PC" name="sspk.Spk" tests="2" failures="0" timestamp="9 Jul 2016 14:28:42 GMT" time="29.067" errors="0">
  <testcase name="method2" time="14.576" classname="sspk.Spk"/>
  <testcase name="method1" time="14.491" classname="sspk.Spk"/>
</testsuite> <!-- sspk.Spk -->
